<?xml version="1.0" encoding="UTF-8"?>
<!-- Generated by org.testng.reporters.JUnitReportReporter -->
<testsuite hostname="cb1e63dfc232" failures="0" tests="6" name="udemy.tests.vendorportal.VendorPortalTest" time="27.414" errors="0" timestamp="2024-12-03T15:17:02 GMT" skipped="0">
  <testcase classname="udemy.tests.vendorportal.VendorPortalTest" name="dashboardTest" time="6.044"/>
  <testcase classname="udemy.tests.vendorportal.VendorPortalTest" name="loginTest" time="3.142"/>
  <testcase classname="udemy.tests.vendorportal.VendorPortalTest" name="loginTest" time="3.142"/>
  <testcase classname="udemy.tests.vendorportal.VendorPortalTest" name="dashboardTest" time="5.965"/>
  <testcase classname="udemy.tests.vendorportal.VendorPortalTest" name="dashboardTest" time="5.965"/>
  <testcase classname="udemy.tests.vendorportal.VendorPortalTest" name="loginTest" time="3.156"/>
</testsuite> <!-- udemy.tests.vendorportal.VendorPortalTest -->
